# JRE version: OpenJDK Runtime Environment (11.0.11+9) (build 11.0.11+9-b60-7590822)
# Java VM: OpenJDK 64-Bit Server VM (11.0.11+9-b60-7590822, mixed mode, tiered, compressed oops, g1 gc, windows-amd64)
Heap:
 garbage-first heap   total 312320K, used 219313K [0x0000000080000000, 0x0000000100000000)
  region size 1024K, 30 young (30720K), 10 survivors (10240K)
 Metaspace       used 174546K, capacity 179971K, committed 181232K, reserved 1208320K
  class space    used 21160K, capacity 23143K, committed 23448K, reserved 1048576K
GC Heap History (20 events):
Event: 18028.575 GC heap before
{Heap before GC invocations=169 (full 0):
 garbage-first heap   total 312320K, used 213147K [0x0000000080000000, 0x0000000100000000)
  region size 1024K, 15 young (15360K), 2 survivors (2048K)
 Metaspace       used 172815K, capacity 178111K, committed 179952K, reserved 1206272K
  class space    used 21012K, capacity 22954K, committed 23448K, reserved 1048576K
}
Event: 18028.581 GC heap after
{Heap after GC invocations=170 (full 0):
 garbage-first heap   total 312320K, used 183757K [0x0000000080000000, 0x0000000100000000)
  region size 1024K, 2 young (2048K), 2 survivors (2048K)
 Metaspace       used 172815K, capacity 178111K, committed 179952K, reserved 1206272K
  class space    used 21012K, capacity 22954K, committed 23448K, reserved 1048576K
}
Event: 18031.737 GC heap before
{Heap before GC invocations=170 (full 0):
 garbage-first heap   total 312320K, used 244173K [0x0000000080000000, 0x0000000100000000)
  region size 1024K, 62 young (63488K), 2 survivors (2048K)
 Metaspace       used 172866K, capacity 178133K, committed 179952K, reserved 1206272K
  class space    used 21016K, capacity 22960K, committed 23448K, reserved 1048576K
}
Event: 18031.741 GC heap after
{Heap after GC invocations=171 (full 0):
 garbage-first heap   total 312320K, used 184601K [0x0000000080000000, 0x0000000100000000)
  region size 1024K, 3 young (3072K), 3 survivors (3072K)
 Metaspace       used 172866K, capacity 178133K, committed 179952K, reserved 1206272K
  class space    used 21016K, capacity 22960K, committed 23448K, reserved 1048576K
}
Event: 18031.953 GC heap before
{Heap before GC invocations=172 (full 0):
 garbage-first heap   total 312320K, used 248089K [0x0000000080000000, 0x0000000100000000)
  region size 1024K, 66 young (67584K), 3 survivors (3072K)
 Metaspace       used 172888K, capacity 178144K, committed 179952K, reserved 1206272K
  class space    used 21018K, capacity 22963K, committed 23448K, reserved 1048576K
}
Event: 18031.956 GC heap after
{Heap after GC invocations=173 (full 0):
 garbage-first heap   total 312320K, used 183981K [0x0000000080000000, 0x0000000100000000)
  region size 1024K, 2 young (2048K), 2 survivors (2048K)
 Metaspace       used 172888K, capacity 178144K, committed 179952K, reserved 1206272K
  class space    used 21018K, capacity 22963K, committed 23448K, reserved 1048576K
}
Event: 18032.099 GC heap before
{Heap before GC invocations=173 (full 0):
 garbage-first heap   total 312320K, used 197293K [0x0000000080000000, 0x0000000100000000)
  region size 1024K, 15 young (15360K), 2 survivors (2048K)
 Metaspace       used 172888K, capacity 178144K, committed 179952K, reserved 1206272K
  class space    used 21018K, capacity 22963K, committed 23448K, reserved 1048576K
}
Event: 18032.102 GC heap after
{Heap after GC invocations=174 (full 0):
 garbage-first heap   total 312320K, used 176394K [0x0000000080000000, 0x0000000100000000)
  region size 1024K, 1 young (1024K), 1 survivors (1024K)
 Metaspace       used 172888K, capacity 178144K, committed 179952K, reserved 1206272K
  class space    used 21018K, capacity 22963K, committed 23448K, reserved 1048576K
}
Event: 18032.602 GC heap before
{Heap before GC invocations=174 (full 0):
 garbage-first heap   total 312320K, used 249098K [0x0000000080000000, 0x0000000100000000)
  region size 1024K, 73 young (74752K), 1 survivors (1024K)
 Metaspace       used 173175K, capacity 178473K, committed 180208K, reserved 1206272K
  class space    used 21033K, capacity 22982K, committed 23448K, reserved 1048576K
}
Event: 18032.607 GC heap after
{Heap after GC invocations=175 (full 0):
 garbage-first heap   total 312320K, used 179718K [0x0000000080000000, 0x0000000100000000)
  region size 1024K, 5 young (5120K), 5 survivors (5120K)
 Metaspace       used 173175K, capacity 178473K, committed 180208K, reserved 1206272K
  class space    used 21033K, capacity 22982K, committed 23448K, reserved 1048576K
}
Event: 18033.623 GC heap before
{Heap before GC invocations=176 (full 0):
 garbage-first heap   total 312320K, used 252422K [0x0000000080000000, 0x0000000100000000)
  region size 1024K, 77 young (78848K), 5 survivors (5120K)
 Metaspace       used 173474K, capacity 178727K, committed 180208K, reserved 1206272K
  class space    used 21073K, capacity 23015K, committed 23448K, reserved 1048576K
}
Event: 18033.630 GC heap after
{Heap after GC invocations=177 (full 0):
 garbage-first heap   total 312320K, used 182538K [0x0000000080000000, 0x0000000100000000)
  region size 1024K, 7 young (7168K), 7 survivors (7168K)
 Metaspace       used 173474K, capacity 178727K, committed 180208K, reserved 1206272K
  class space    used 21073K, capacity 23015K, committed 23448K, reserved 1048576K
}
Event: 18033.853 GC heap before
{Heap before GC invocations=177 (full 0):
 garbage-first heap   total 312320K, used 189706K [0x0000000080000000, 0x0000000100000000)
  region size 1024K, 15 young (15360K), 7 survivors (7168K)
 Metaspace       used 173484K, capacity 178791K, committed 180208K, reserved 1206272K
  class space    used 21073K, capacity 23015K, committed 23448K, reserved 1048576K
}
Event: 18033.858 GC heap after
{Heap after GC invocations=178 (full 0):
 garbage-first heap   total 312320K, used 183096K [0x0000000080000000, 0x0000000100000000)
  region size 1024K, 2 young (2048K), 2 survivors (2048K)
 Metaspace       used 173484K, capacity 178791K, committed 180208K, reserved 1206272K
  class space    used 21073K, capacity 23015K, committed 23448K, reserved 1048576K
}
Event: 18034.050 GC heap before
{Heap before GC invocations=178 (full 0):
 garbage-first heap   total 312320K, used 255800K [0x0000000080000000, 0x0000000100000000)
  region size 1024K, 74 young (75776K), 2 survivors (2048K)
 Metaspace       used 174001K, capacity 179389K, committed 180720K, reserved 1206272K
  class space    used 21149K, capacity 23128K, committed 23448K, reserved 1048576K
}
Event: 18034.062 GC heap after
{Heap after GC invocations=179 (full 0):
 garbage-first heap   total 312320K, used 188871K [0x0000000080000000, 0x0000000100000000)
  region size 1024K, 8 young (8192K), 8 survivors (8192K)
 Metaspace       used 174001K, capacity 179389K, committed 180720K, reserved 1206272K
  class space    used 21149K, capacity 23128K, committed 23448K, reserved 1048576K
}
Event: 18034.497 GC heap before
{Heap before GC invocations=180 (full 0):
 garbage-first heap   total 312320K, used 257479K [0x0000000080000000, 0x0000000100000000)
  region size 1024K, 76 young (77824K), 8 survivors (8192K)
 Metaspace       used 174378K, capacity 179823K, committed 180976K, reserved 1206272K
  class space    used 21156K, capacity 23139K, committed 23448K, reserved 1048576K
}
Event: 18034.503 GC heap after
{Heap after GC invocations=181 (full 0):
 garbage-first heap   total 312320K, used 190351K [0x0000000080000000, 0x0000000100000000)
  region size 1024K, 5 young (5120K), 5 survivors (5120K)
 Metaspace       used 174378K, capacity 179823K, committed 180976K, reserved 1206272K
  class space    used 21156K, capacity 23139K, committed 23448K, reserved 1048576K
}
Event: 18034.779 GC heap before
{Heap before GC invocations=181 (full 0):
 garbage-first heap   total 312320K, used 259983K [0x0000000080000000, 0x0000000100000000)
  region size 1024K, 74 young (75776K), 5 survivors (5120K)
 Metaspace       used 174498K, capacity 179963K, committed 181232K, reserved 1208320K
  class space    used 21158K, capacity 23140K, committed 23448K, reserved 1048576K
}
Event: 18034.805 GC heap after
{Heap after GC invocations=182 (full 0):
 garbage-first heap   total 312320K, used 199857K [0x0000000080000000, 0x0000000100000000)
  region size 1024K, 10 young (10240K), 10 survivors (10240K)
 Metaspace       used 174498K, capacity 179963K, committed 181232K, reserved 1208320K
  class space    used 21158K, capacity 23140K, committed 23448K, reserved 1048576K
}

